<?xml version="1.0" encoding="UTF-8"?>
<!-- Generated by org.testng.reporters.JUnitReportReporter -->
<testsuite hostname="LAPTOP-SVHN3Q6C" failures="0" tests="1" name="pageobjectmodel.test.BaseTest" time="0.976" errors="0" timestamp="2023-10-20T21:52:16 CST" skipped="0">
  <testcase classname="pageobjectmodel.test.BaseTest" name="baseExample" time="0.976"/>
  <system-out/>
</testsuite> <!-- pageobjectmodel.test.BaseTest -->
